Determining if the pthread_create exist failed with the following output:
Change Dir: /home/iclab-public/test/build/CMakeFiles/CMakeTmp

Run Build Command:"/usr/bin/make" "cmTC_d8532/fast"
/usr/bin/make -f CMakeFiles/cmTC_d8532.dir/build.make CMakeFiles/cmTC_d8532.dir/build
make[1]: Entering directory '/home/iclab-public/test/build/CMakeFiles/CMakeTmp'
Building C object CMakeFiles/cmTC_d8532.dir/CheckSymbolExists.c.o
/usr/bin/cc    -o CMakeFiles/cmTC_d8532.dir/CheckSymbolExists.c.o   -c /home/iclab-public/test/build/CMakeFiles/CMakeTmp/CheckSymbolExists.c
Linking C executable cmTC_d8532
/usr/bin/cmake -E cmake_link_script CMakeFiles/cmTC_d8532.dir/link.txt --verbose=1
/usr/bin/cc      -rdynamic CMakeFiles/cmTC_d8532.dir/CheckSymbolExists.c.o  -o cmTC_d8532 
CMakeFiles/cmTC_d8532.dir/CheckSymbolExists.c.o: In function `main':
CheckSymbolExists.c:(.text+0x1b): undefined reference to `pthread_create'
collect2: error: ld returned 1 exit status
CMakeFiles/cmTC_d8532.dir/build.make:97: recipe for target 'cmTC_d8532' failed
make[1]: *** [cmTC_d8532] Error 1
make[1]: Leaving directory '/home/iclab-public/test/build/CMakeFiles/CMakeTmp'
Makefile:126: recipe for target 'cmTC_d8532/fast' failed
make: *** [cmTC_d8532/fast] Error 2

File /home/iclab-public/test/build/CMakeFiles/CMakeTmp/CheckSymbolExists.c:
/* */
#include <pthread.h>

int main(int argc, char** argv)
{
  (void)argv;
#ifndef pthread_create
  return ((int*)(&pthread_create))[argc];
#else
  (void)argc;
  return 0;
#endif
}

Determining if the function pthread_create exists in the pthreads failed with the following output:
Change Dir: /home/iclab-public/test/build/CMakeFiles/CMakeTmp

Run Build Command:"/usr/bin/make" "cmTC_eb5b0/fast"
/usr/bin/make -f CMakeFiles/cmTC_eb5b0.dir/build.make CMakeFiles/cmTC_eb5b0.dir/build
make[1]: Entering directory '/home/iclab-public/test/build/CMakeFiles/CMakeTmp'
Building C object CMakeFiles/cmTC_eb5b0.dir/CheckFunctionExists.c.o
/usr/bin/cc   -DCHECK_FUNCTION_EXISTS=pthread_create   -o CMakeFiles/cmTC_eb5b0.dir/CheckFunctionExists.c.o   -c /usr/share/cmake-3.10/Modules/CheckFunctionExists.c
Linking C executable cmTC_eb5b0
/usr/bin/cmake -E cmake_link_script CMakeFiles/cmTC_eb5b0.dir/link.txt --verbose=1
/usr/bin/cc  -DCHECK_FUNCTION_EXISTS=pthread_create    -rdynamic CMakeFiles/cmTC_eb5b0.dir/CheckFunctionExists.c.o  -o cmTC_eb5b0 -lpthreads 
/usr/bin/ld: cannot find -lpthreads
collect2: error: ld returned 1 exit status
CMakeFiles/cmTC_eb5b0.dir/build.make:97: recipe for target 'cmTC_eb5b0' failed
make[1]: *** [cmTC_eb5b0] Error 1
make[1]: Leaving directory '/home/iclab-public/test/build/CMakeFiles/CMakeTmp'
Makefile:126: recipe for target 'cmTC_eb5b0/fast' failed
make: *** [cmTC_eb5b0/fast] Error 2


